Using pre-set license
Built from '2020.2/staging' branch; Version is '2020.2.7f1 (c53830e277f1) revision 12924976'; Using compiler version '192528614'; Build Type 'Release'
OS: 'Windows 10 Pro; OS build 19041.630; Version 2004; 64bit' Language: 'en' Physical Memory: 5541 MB
BatchMode: 1, IsHumanControllingUs: 0, StartBugReporterOnCrash: 0, Is64bit: 1, IsPro: 0

 COMMAND LINE ARGUMENTS:
C:\Program Files\Unity\Hub\Editor\2020.2.7f1\Editor\Unity.exe
-adb2
-batchMode
-noUpm
-name
AssetImportWorker0
-projectPath
C:/Users/Thinkpad/Super Sapphire Sisters
-logFile
Logs/AssetImportWorker0.log
-srvPort
51679
Successfully changed project path to: C:/Users/Thinkpad/Super Sapphire Sisters
C:/Users/Thinkpad/Super Sapphire Sisters
Using Asset Import Pipeline V2.
Refreshing native plugins compatible for Editor in 59.61 ms, found 0 plugins.
Preloading 0 native plugins for Editor in 0.00 ms.
Initialize engine version: 2020.2.7f1 (c53830e277f1)
[Subsystems] Discovering subsystems at path C:/Program Files/Unity/Hub/Editor/2020.2.7f1/Editor/Data/Resources/UnitySubsystems
[Subsystems] Discovering subsystems at path C:/Users/Thinkpad/Super Sapphire Sisters/Assets
GfxDevice: creating device client; threaded=0
Direct3D:
    Version:  Direct3D 11.0 [level 10.1]
    Renderer: Intel(R) HD Graphics 3000 (ID=0x126)
    Vendor:   
    VRAM:     128 MB
    Driver:   9.17.10.4459
Initialize mono
Mono path[0] = 'C:/Program Files/Unity/Hub/Editor/2020.2.7f1/Editor/Data/Managed'
Mono path[1] = 'C:/Program Files/Unity/Hub/Editor/2020.2.7f1/Editor/Data/MonoBleedingEdge/lib/mono/unityjit'
Mono config path = 'C:/Program Files/Unity/Hub/Editor/2020.2.7f1/Editor/Data/MonoBleedingEdge/etc'
Using monoOptions --debugger-agent=transport=dt_socket,embedding=1,server=y,suspend=n,address=127.0.0.1:56912
Begin MonoManager ReloadAssembly
Registering precompiled unity dll's ...
Register platform support module: C:/Program Files/Unity/Hub/Editor/2020.2.7f1/Editor/Data/PlaybackEngines/WindowsStandaloneSupport/UnityEditor.WindowsStandalone.Extensions.dll
Registered in 0.002899 seconds.
Native extension for WindowsStandalone target not found
Refreshing native plugins compatible for Editor in 45.79 ms, found 0 plugins.
Preloading 0 native plugins for Editor in 0.00 ms.
Invoked RoslynAnalysisRunner static constructor.
RoslynAnalysisRunner will not be running.
RoslynAnalysisRunner has terminated.
Mono: successfully reloaded assembly
- Completed reload, in  2.877 seconds
Platform modules already initialized, skipping
Registering precompiled user dll's ...
Registered in 0.001195 seconds.
Begin MonoManager ReloadAssembly
Native extension for WindowsStandalone target not found
Refreshing native plugins compatible for Editor in 47.47 ms, found 0 plugins.
Preloading 0 native plugins for Editor in 0.00 ms.
Invoked RoslynAnalysisRunner static constructor.
RoslynAnalysisRunner will not be running.
RoslynAnalysisRunner has terminated.
Mono: successfully reloaded assembly
- Completed reload, in  1.378 seconds
Platform modules already initialized, skipping
========================================================================
Worker process is ready to serve import requests
Launched and connected shader compiler UnityShaderCompiler.exe after 0.07 seconds
Refreshing native plugins compatible for Editor in 0.39 ms, found 0 plugins.
Preloading 0 native plugins for Editor in 0.00 ms.
Unloading 1411 Unused Serialized files (Serialized files now loaded: 0)
System memory in use before: 67.2 MB.
System memory in use after: 67.3 MB.

Unloading 11 unused Assets to reduce memory usage. Loaded Objects now: 1856.
Total: 2.344800 ms (FindLiveObjects: 0.184700 ms CreateObjectMapping: 0.073200 ms MarkObjects: 1.995300 ms  DeleteObjects: 0.090000 ms)

========================================================================
Received Import Request.
  path: Assets/InputSystem.inputsettings.asset
  artifactKey: Guid(552580909bb5e7a48bf0acd84e4d33fc) Importer(815301076,1909f56bfc062723c751e8b465ee728b)
Start importing Assets/InputSystem.inputsettings.asset using Guid(552580909bb5e7a48bf0acd84e4d33fc) Importer(815301076,1909f56bfc062723c751e8b465ee728b)  -> (artifact id: '059aa72b83b505da552aa62296a6d34b') in 0.090068 seconds
  Import took 0.094036 seconds .

========================================================================
Received Import Request.
  Time since last request: 0.000394 seconds.
  path: Assets/MyControl.inputactions
  artifactKey: Guid(f12d365dfd9b5c14c9fb1c1feb5de1a1) Importer(815301076,1909f56bfc062723c751e8b465ee728b)
Start importing Assets/MyControl.inputactions using Guid(f12d365dfd9b5c14c9fb1c1feb5de1a1) Importer(815301076,1909f56bfc062723c751e8b465ee728b)  -> (artifact id: '39849d19eb96b62e34912ff6b9f40918') in 0.028243 seconds
  Import took 0.032988 seconds .

========================================================================
Received Import Request.
  Time since last request: 2.216505 seconds.
  path: Assets/PlayScript.cs
  artifactKey: Guid(b6e0a31a533e5ba40ade8249711a1081) Importer(815301076,1909f56bfc062723c751e8b465ee728b)
Start importing Assets/PlayScript.cs using Guid(b6e0a31a533e5ba40ade8249711a1081) Importer(815301076,1909f56bfc062723c751e8b465ee728b)  -> (artifact id: 'ec84a2c692d759ef299f7e558c867d8d') in 0.013248 seconds
  Import took 0.017180 seconds .

========================================================================
Received Import Request.
  Time since last request: 0.005414 seconds.
  path: Assets/PlayScript.cs
  artifactKey: Guid(b6e0a31a533e5ba40ade8249711a1081) Importer(815301076,1909f56bfc062723c751e8b465ee728b)
Start importing Assets/PlayScript.cs using Guid(b6e0a31a533e5ba40ade8249711a1081) Importer(815301076,1909f56bfc062723c751e8b465ee728b)  -> (artifact id: 'ec84a2c692d759ef299f7e558c867d8d') in 0.005088 seconds
  Import took 0.008439 seconds .

