Using pre-set license
Built from '2020.2/staging' branch; Version is '2020.2.7f1 (c53830e277f1) revision 12924976'; Using compiler version '192528614'; Build Type 'Release'
OS: 'Windows 10 Pro; OS build 19041.804; Version 2004; 64bit' Language: 'en' Physical Memory: 5541 MB
BatchMode: 1, IsHumanControllingUs: 0, StartBugReporterOnCrash: 0, Is64bit: 1, IsPro: 0

 COMMAND LINE ARGUMENTS:
C:\Program Files\Unity\Hub\Editor\2020.2.7f1\Editor\Unity.exe
-adb2
-batchMode
-noUpm
-name
AssetImportWorker1
-projectPath
C:/Users/Thinkpad/Super Sapphire Sisters
-logFile
Logs/AssetImportWorker1.log
-srvPort
60952
Successfully changed project path to: C:/Users/Thinkpad/Super Sapphire Sisters
C:/Users/Thinkpad/Super Sapphire Sisters
Using Asset Import Pipeline V2.
Refreshing native plugins compatible for Editor in 43.79 ms, found 0 plugins.
Preloading 0 native plugins for Editor in 0.00 ms.
Initialize engine version: 2020.2.7f1 (c53830e277f1)
[Subsystems] Discovering subsystems at path C:/Program Files/Unity/Hub/Editor/2020.2.7f1/Editor/Data/Resources/UnitySubsystems
[Subsystems] Discovering subsystems at path C:/Users/Thinkpad/Super Sapphire Sisters/Assets
GfxDevice: creating device client; threaded=0
Direct3D:
    Version:  Direct3D 11.0 [level 10.1]
    Renderer: Intel(R) HD Graphics 3000 (ID=0x126)
    Vendor:   
    VRAM:     128 MB
    Driver:   9.17.10.4459
Initialize mono
Mono path[0] = 'C:/Program Files/Unity/Hub/Editor/2020.2.7f1/Editor/Data/Managed'
Mono path[1] = 'C:/Program Files/Unity/Hub/Editor/2020.2.7f1/Editor/Data/MonoBleedingEdge/lib/mono/unityjit'
Mono config path = 'C:/Program Files/Unity/Hub/Editor/2020.2.7f1/Editor/Data/MonoBleedingEdge/etc'
Using monoOptions --debugger-agent=transport=dt_socket,embedding=1,server=y,suspend=n,address=127.0.0.1:56492
Begin MonoManager ReloadAssembly
Registering precompiled unity dll's ...
Register platform support module: C:/Program Files/Unity/Hub/Editor/2020.2.7f1/Editor/Data/PlaybackEngines/WindowsStandaloneSupport/UnityEditor.WindowsStandalone.Extensions.dll
Registered in 0.003378 seconds.
Native extension for WindowsStandalone target not found
Refreshing native plugins compatible for Editor in 44.76 ms, found 0 plugins.
Preloading 0 native plugins for Editor in 0.00 ms.
Invoked RoslynAnalysisRunner static constructor.
RoslynAnalysisRunner will not be running.
RoslynAnalysisRunner has terminated.
Mono: successfully reloaded assembly
- Completed reload, in  6.433 seconds
Platform modules already initialized, skipping
Registering precompiled user dll's ...
Registered in 0.001332 seconds.
Begin MonoManager ReloadAssembly
Native extension for WindowsStandalone target not found
Refreshing native plugins compatible for Editor in 43.73 ms, found 0 plugins.
Preloading 0 native plugins for Editor in 0.00 ms.
Invoked RoslynAnalysisRunner static constructor.
RoslynAnalysisRunner will not be running.
RoslynAnalysisRunner has terminated.
Mono: successfully reloaded assembly
- Completed reload, in  1.540 seconds
Platform modules already initialized, skipping
========================================================================
Worker process is ready to serve import requests
Launched and connected shader compiler UnityShaderCompiler.exe after 0.14 seconds
Refreshing native plugins compatible for Editor in 0.38 ms, found 0 plugins.
Preloading 0 native plugins for Editor in 0.00 ms.
Unloading 1410 Unused Serialized files (Serialized files now loaded: 0)
System memory in use before: 67.1 MB.
System memory in use after: 67.2 MB.

Unloading 11 unused Assets to reduce memory usage. Loaded Objects now: 1855.
Total: 46.344000 ms (FindLiveObjects: 0.230800 ms CreateObjectMapping: 0.066000 ms MarkObjects: 45.950200 ms  DeleteObjects: 0.094000 ms)

========================================================================
Received Import Request.
  path: Assets/InputSystem.inputsettings.asset
  artifactKey: Guid(552580909bb5e7a48bf0acd84e4d33fc) Importer(815301076,1909f56bfc062723c751e8b465ee728b)
Start importing Assets/InputSystem.inputsettings.asset using Guid(552580909bb5e7a48bf0acd84e4d33fc) Importer(815301076,1909f56bfc062723c751e8b465ee728b)  -> (artifact id: '059aa72b83b505da552aa62296a6d34b') in 0.111635 seconds
  Import took 0.115521 seconds .

========================================================================
Received Import Request.
  Time since last request: 0.000313 seconds.
  path: Assets/MyControl.inputactions
  artifactKey: Guid(f12d365dfd9b5c14c9fb1c1feb5de1a1) Importer(815301076,1909f56bfc062723c751e8b465ee728b)
Start importing Assets/MyControl.inputactions using Guid(f12d365dfd9b5c14c9fb1c1feb5de1a1) Importer(815301076,1909f56bfc062723c751e8b465ee728b)  -> (artifact id: '01be31d2e2a5ede1d6deb56c93f46551') in 0.026649 seconds
  Import took 0.030889 seconds .

========================================================================
Received Import Request.
  Time since last request: 10202.937977 seconds.
  path: Assets
  artifactKey: Guid(00000000000000001000000000000000) Importer(815301076,1909f56bfc062723c751e8b465ee728b)
Start importing Assets using Guid(00000000000000001000000000000000) Importer(815301076,1909f56bfc062723c751e8b465ee728b)  -> (artifact id: 'f89434ac489deb914593f829e0a47671') in 0.292567 seconds
  Import took 0.649576 seconds .

========================================================================
Received Import Request.
  Time since last request: 0.533740 seconds.
  path: Assets
  artifactKey: Guid(00000000000000001000000000000000) Importer(815301076,1909f56bfc062723c751e8b465ee728b)
Start importing Assets using Guid(00000000000000001000000000000000) Importer(815301076,1909f56bfc062723c751e8b465ee728b)  -> (artifact id: 'f89434ac489deb914593f829e0a47671') in 0.007915 seconds
  Import took 0.011709 seconds .

========================================================================
Received Import Request.
  Time since last request: 14.465488 seconds.
  path: Assets/NewBehaviourScript.cs
  artifactKey: Guid(57c74956d753e644abdef592e3cc2802) Importer(815301076,1909f56bfc062723c751e8b465ee728b)
Start importing Assets/NewBehaviourScript.cs using Guid(57c74956d753e644abdef592e3cc2802) Importer(815301076,1909f56bfc062723c751e8b465ee728b)  -> (artifact id: '899dce19a434524cf5f37e1581537319') in 1.946967 seconds
  Import took 1.961737 seconds .

========================================================================
Received Import Request.
  Time since last request: 12.336488 seconds.
  path: Assets/InputManager.cs
  artifactKey: Guid(57c74956d753e644abdef592e3cc2802) Importer(815301076,1909f56bfc062723c751e8b465ee728b)
Start importing Assets/InputManager.cs using Guid(57c74956d753e644abdef592e3cc2802) Importer(815301076,1909f56bfc062723c751e8b465ee728b)  -> (artifact id: 'f31bd7cd4d00681a2b925d0ba8e7edfd') in 0.044454 seconds
  Import took 0.062570 seconds .

========================================================================
Received Prepare
Registering precompiled user dll's ...
Registered in 0.008225 seconds.
Begin MonoManager ReloadAssembly
Native extension for WindowsStandalone target not found
Refreshing native plugins compatible for Editor in 0.44 ms, found 0 plugins.
Preloading 0 native plugins for Editor in 0.00 ms.
Invoked RoslynAnalysisRunner static constructor.
RoslynAnalysisRunner will not be running.
RoslynAnalysisRunner has terminated.
Mono: successfully reloaded assembly
- Completed reload, in  4.247 seconds
Platform modules already initialized, skipping
Refreshing native plugins compatible for Editor in 0.59 ms, found 0 plugins.
Preloading 0 native plugins for Editor in 0.00 ms.
Unloading 1405 Unused Serialized files (Serialized files now loaded: 0)
System memory in use before: 67.2 MB.
System memory in use after: 67.3 MB.

Unloading 4 unused Assets to reduce memory usage. Loaded Objects now: 1859.
Total: 25.649700 ms (FindLiveObjects: 0.201500 ms CreateObjectMapping: 0.070900 ms MarkObjects: 25.245600 ms  DeleteObjects: 0.127900 ms)

========================================================================
Received Import Request.
  Time since last request: 3428.813974 seconds.
  path: Assets/InputManager.cs
  artifactKey: Guid(57c74956d753e644abdef592e3cc2802) Importer(815301076,1909f56bfc062723c751e8b465ee728b)
Start importing Assets/InputManager.cs using Guid(57c74956d753e644abdef592e3cc2802) Importer(815301076,1909f56bfc062723c751e8b465ee728b)  -> (artifact id: '87635d1203deeacacc2370f6f1018c30') in 0.033067 seconds
  Import took 0.037512 seconds .

========================================================================
Received Import Request.
  Time since last request: 0.036509 seconds.
  path: Assets/InputManager.cs
  artifactKey: Guid(57c74956d753e644abdef592e3cc2802) Importer(815301076,1909f56bfc062723c751e8b465ee728b)
Start importing Assets/InputManager.cs using Guid(57c74956d753e644abdef592e3cc2802) Importer(815301076,1909f56bfc062723c751e8b465ee728b)  -> (artifact id: '87635d1203deeacacc2370f6f1018c30') in 0.006898 seconds
  Import took 0.010273 seconds .

========================================================================
Received Import Request.
  Time since last request: 3767.081181 seconds.
  path: Assets/InputManager.cs
  artifactKey: Guid(57c74956d753e644abdef592e3cc2802) Importer(815301076,1909f56bfc062723c751e8b465ee728b)
Start importing Assets/InputManager.cs using Guid(57c74956d753e644abdef592e3cc2802) Importer(815301076,1909f56bfc062723c751e8b465ee728b)  -> (artifact id: 'bbcc02f4f06b28e7a89f691583fac856') in 0.007363 seconds
  Import took 0.012102 seconds .

========================================================================
Received Import Request.
  Time since last request: 0.049825 seconds.
  path: Assets/InputManager.cs
  artifactKey: Guid(57c74956d753e644abdef592e3cc2802) Importer(815301076,1909f56bfc062723c751e8b465ee728b)
Start importing Assets/InputManager.cs using Guid(57c74956d753e644abdef592e3cc2802) Importer(815301076,1909f56bfc062723c751e8b465ee728b)  -> (artifact id: 'bbcc02f4f06b28e7a89f691583fac856') in 0.007429 seconds
  Import took 0.011669 seconds .

========================================================================
Received Import Request.
  Time since last request: 40.408984 seconds.
  path: Assets/InputManager.cs
  artifactKey: Guid(57c74956d753e644abdef592e3cc2802) Importer(815301076,1909f56bfc062723c751e8b465ee728b)
Start importing Assets/InputManager.cs using Guid(57c74956d753e644abdef592e3cc2802) Importer(815301076,1909f56bfc062723c751e8b465ee728b)  -> (artifact id: 'a39717a3b24a7ba503f1ca5a7e68a28d') in 0.006263 seconds
  Import took 0.019916 seconds .

========================================================================
Received Import Request.
  Time since last request: 225.534169 seconds.
  path: Assets/InputManager.cs
  artifactKey: Guid(57c74956d753e644abdef592e3cc2802) Importer(815301076,1909f56bfc062723c751e8b465ee728b)
Start importing Assets/InputManager.cs using Guid(57c74956d753e644abdef592e3cc2802) Importer(815301076,1909f56bfc062723c751e8b465ee728b)  -> (artifact id: 'd4b3f79c837c521c2287980f6ba8a7e8') in 0.012911 seconds
  Import took 0.032196 seconds .

========================================================================
Received Import Request.
  Time since last request: 125.539037 seconds.
  path: Assets/InputManager.cs
  artifactKey: Guid(57c74956d753e644abdef592e3cc2802) Importer(815301076,1909f56bfc062723c751e8b465ee728b)
Start importing Assets/InputManager.cs using Guid(57c74956d753e644abdef592e3cc2802) Importer(815301076,1909f56bfc062723c751e8b465ee728b)  -> (artifact id: '18c583a75a463f4fcda3c01edacdc9c6') in 0.009369 seconds
  Import took 0.031162 seconds .

========================================================================
Received Import Request.
  Time since last request: 0.016107 seconds.
  path: Assets/InputManager.cs
  artifactKey: Guid(57c74956d753e644abdef592e3cc2802) Importer(815301076,1909f56bfc062723c751e8b465ee728b)
Start importing Assets/InputManager.cs using Guid(57c74956d753e644abdef592e3cc2802) Importer(815301076,1909f56bfc062723c751e8b465ee728b)  -> (artifact id: '18c583a75a463f4fcda3c01edacdc9c6') in 0.010847 seconds
  Import took 0.016392 seconds .

========================================================================
Received Import Request.
  Time since last request: 32.555149 seconds.
  path: Assets/InputManager.cs
  artifactKey: Guid(57c74956d753e644abdef592e3cc2802) Importer(815301076,1909f56bfc062723c751e8b465ee728b)
Start importing Assets/InputManager.cs using Guid(57c74956d753e644abdef592e3cc2802) Importer(815301076,1909f56bfc062723c751e8b465ee728b)  -> (artifact id: 'c6458feab593dffa1ff97b98b98f7c33') in 0.011993 seconds
  Import took 0.043236 seconds .

========================================================================
Received Import Request.
  Time since last request: 67.718277 seconds.
  path: Assets/InputManager.cs
  artifactKey: Guid(57c74956d753e644abdef592e3cc2802) Importer(815301076,1909f56bfc062723c751e8b465ee728b)
Start importing Assets/InputManager.cs using Guid(57c74956d753e644abdef592e3cc2802) Importer(815301076,1909f56bfc062723c751e8b465ee728b)  -> (artifact id: '05e9bf8a8a472389c0054384e2b1d051') in 0.005696 seconds
  Import took 0.032771 seconds .

========================================================================
Received Import Request.
  Time since last request: 24.487892 seconds.
  path: Assets/InputManager.cs
  artifactKey: Guid(57c74956d753e644abdef592e3cc2802) Importer(815301076,1909f56bfc062723c751e8b465ee728b)
Start importing Assets/InputManager.cs using Guid(57c74956d753e644abdef592e3cc2802) Importer(815301076,1909f56bfc062723c751e8b465ee728b)  -> (artifact id: '6c1a249dc4c413e2ddf30709bfb24467') in 0.006397 seconds
  Import took 0.011159 seconds .

========================================================================
Received Import Request.
  Time since last request: 0.003477 seconds.
  path: Assets/InputManager.cs
  artifactKey: Guid(57c74956d753e644abdef592e3cc2802) Importer(815301076,1909f56bfc062723c751e8b465ee728b)
Start importing Assets/InputManager.cs using Guid(57c74956d753e644abdef592e3cc2802) Importer(815301076,1909f56bfc062723c751e8b465ee728b)  -> (artifact id: '6c1a249dc4c413e2ddf30709bfb24467') in 0.008869 seconds
  Import took 0.012667 seconds .

========================================================================
Received Import Request.
  Time since last request: 37.611859 seconds.
  path: Assets/InputManager.cs
  artifactKey: Guid(57c74956d753e644abdef592e3cc2802) Importer(815301076,1909f56bfc062723c751e8b465ee728b)
Start importing Assets/InputManager.cs using Guid(57c74956d753e644abdef592e3cc2802) Importer(815301076,1909f56bfc062723c751e8b465ee728b)  -> (artifact id: '193fdc32f1f3ee0e5b26a47c4e6e8ba2') in 0.008043 seconds
  Import took 0.013015 seconds .

========================================================================
Received Import Request.
  Time since last request: 0.002411 seconds.
  path: Assets/InputManager.cs
  artifactKey: Guid(57c74956d753e644abdef592e3cc2802) Importer(815301076,1909f56bfc062723c751e8b465ee728b)
Start importing Assets/InputManager.cs using Guid(57c74956d753e644abdef592e3cc2802) Importer(815301076,1909f56bfc062723c751e8b465ee728b)  -> (artifact id: '193fdc32f1f3ee0e5b26a47c4e6e8ba2') in 0.006302 seconds
  Import took 0.010928 seconds .

========================================================================
Received Import Request.
  Time since last request: 152.275700 seconds.
  path: Assets/InputManager.cs
  artifactKey: Guid(57c74956d753e644abdef592e3cc2802) Importer(815301076,1909f56bfc062723c751e8b465ee728b)
Start importing Assets/InputManager.cs using Guid(57c74956d753e644abdef592e3cc2802) Importer(815301076,1909f56bfc062723c751e8b465ee728b)  -> (artifact id: '15a796746a133b21cd1bb72f2e8b98fa') in 0.005704 seconds
  Import took 0.021943 seconds .

========================================================================
Received Import Request.
  Time since last request: 110.136078 seconds.
  path: Assets/InputManager.cs
  artifactKey: Guid(57c74956d753e644abdef592e3cc2802) Importer(815301076,1909f56bfc062723c751e8b465ee728b)
Start importing Assets/InputManager.cs using Guid(57c74956d753e644abdef592e3cc2802) Importer(815301076,1909f56bfc062723c751e8b465ee728b)  -> (artifact id: '20b36bbd690a1f8b96a025b762c190c3') in 0.011697 seconds
  Import took 0.026266 seconds .

========================================================================
Received Import Request.
  Time since last request: 120.784797 seconds.
  path: Assets/InputManager.cs
  artifactKey: Guid(57c74956d753e644abdef592e3cc2802) Importer(815301076,1909f56bfc062723c751e8b465ee728b)
Start importing Assets/InputManager.cs using Guid(57c74956d753e644abdef592e3cc2802) Importer(815301076,1909f56bfc062723c751e8b465ee728b)  -> (artifact id: '89068b87e317e77dd5a4965c6cb4ab7a') in 0.012639 seconds
  Import took 0.018567 seconds .

========================================================================
Received Import Request.
  Time since last request: 59.768535 seconds.
  path: Assets/InputManager.cs
  artifactKey: Guid(57c74956d753e644abdef592e3cc2802) Importer(815301076,1909f56bfc062723c751e8b465ee728b)
Start importing Assets/InputManager.cs using Guid(57c74956d753e644abdef592e3cc2802) Importer(815301076,1909f56bfc062723c751e8b465ee728b)  -> (artifact id: '66c9a38b8cde541d00334062041ec12b') in 0.005518 seconds
  Import took 0.023470 seconds .

========================================================================
Received Import Request.
  Time since last request: 34.122291 seconds.
  path: Assets/InputManager.cs
  artifactKey: Guid(57c74956d753e644abdef592e3cc2802) Importer(815301076,1909f56bfc062723c751e8b465ee728b)
Start importing Assets/InputManager.cs using Guid(57c74956d753e644abdef592e3cc2802) Importer(815301076,1909f56bfc062723c751e8b465ee728b)  -> (artifact id: 'b246070a74a56792c786b30f044d950c') in 0.008195 seconds
  Import took 0.013571 seconds .

========================================================================
Received Import Request.
  Time since last request: 0.010389 seconds.
  path: Assets/InputManager.cs
  artifactKey: Guid(57c74956d753e644abdef592e3cc2802) Importer(815301076,1909f56bfc062723c751e8b465ee728b)
Start importing Assets/InputManager.cs using Guid(57c74956d753e644abdef592e3cc2802) Importer(815301076,1909f56bfc062723c751e8b465ee728b)  -> (artifact id: 'b246070a74a56792c786b30f044d950c') in 0.006369 seconds
  Import took 0.011967 seconds .

========================================================================
Received Import Request.
  Time since last request: 17.027510 seconds.
  path: Assets/InputManager.cs
  artifactKey: Guid(57c74956d753e644abdef592e3cc2802) Importer(815301076,1909f56bfc062723c751e8b465ee728b)
Start importing Assets/InputManager.cs using Guid(57c74956d753e644abdef592e3cc2802) Importer(815301076,1909f56bfc062723c751e8b465ee728b)  -> (artifact id: 'b9cef2f1b8dcd1266c61e94ca2f7e845') in 0.008081 seconds
  Import took 0.013486 seconds .

========================================================================
Received Import Request.
  Time since last request: 0.011187 seconds.
  path: Assets/InputManager.cs
  artifactKey: Guid(57c74956d753e644abdef592e3cc2802) Importer(815301076,1909f56bfc062723c751e8b465ee728b)
Start importing Assets/InputManager.cs using Guid(57c74956d753e644abdef592e3cc2802) Importer(815301076,1909f56bfc062723c751e8b465ee728b)  -> (artifact id: 'b9cef2f1b8dcd1266c61e94ca2f7e845') in 0.006986 seconds
  Import took 0.015060 seconds .

========================================================================
Received Import Request.
  Time since last request: 114.758256 seconds.
  path: Assets/InputManager.cs
  artifactKey: Guid(57c74956d753e644abdef592e3cc2802) Importer(815301076,1909f56bfc062723c751e8b465ee728b)
Start importing Assets/InputManager.cs using Guid(57c74956d753e644abdef592e3cc2802) Importer(815301076,1909f56bfc062723c751e8b465ee728b)  -> (artifact id: '5a8482888c9bb8ab448c3de5508cb4cb') in 0.007962 seconds
  Import took 0.046175 seconds .

========================================================================
Received Import Request.
  Time since last request: 94.593509 seconds.
  path: Assets/InputManager.cs
  artifactKey: Guid(57c74956d753e644abdef592e3cc2802) Importer(815301076,1909f56bfc062723c751e8b465ee728b)
Start importing Assets/InputManager.cs using Guid(57c74956d753e644abdef592e3cc2802) Importer(815301076,1909f56bfc062723c751e8b465ee728b)  -> (artifact id: '95c082049cab2f1a9c2fa513adbb1f98') in 0.012186 seconds
  Import took 0.017766 seconds .

========================================================================
Received Prepare
Registering precompiled user dll's ...
Registered in 0.001147 seconds.
Begin MonoManager ReloadAssembly
Native extension for WindowsStandalone target not found
Refreshing native plugins compatible for Editor in 0.45 ms, found 0 plugins.
Preloading 0 native plugins for Editor in 0.00 ms.
Invoked RoslynAnalysisRunner static constructor.
RoslynAnalysisRunner will not be running.
RoslynAnalysisRunner has terminated.
Mono: successfully reloaded assembly
- Completed reload, in  5.302 seconds
Platform modules already initialized, skipping
Refreshing native plugins compatible for Editor in 0.49 ms, found 0 plugins.
Preloading 0 native plugins for Editor in 0.00 ms.
Unloading 1405 Unused Serialized files (Serialized files now loaded: 0)
System memory in use before: 67.2 MB.
System memory in use after: 67.4 MB.

Unloading 4 unused Assets to reduce memory usage. Loaded Objects now: 1862.
Total: 3.086500 ms (FindLiveObjects: 0.355000 ms CreateObjectMapping: 0.202400 ms MarkObjects: 2.501500 ms  DeleteObjects: 0.024300 ms)

========================================================================
Received Import Request.
  Time since last request: 92.026213 seconds.
  path: Assets/InputManager.cs
  artifactKey: Guid(57c74956d753e644abdef592e3cc2802) Importer(815301076,1909f56bfc062723c751e8b465ee728b)
Start importing Assets/InputManager.cs using Guid(57c74956d753e644abdef592e3cc2802) Importer(815301076,1909f56bfc062723c751e8b465ee728b)  -> (artifact id: '75a8b695f153fb00b8e05e468619a9a9') in 0.021488 seconds
  Import took 0.036173 seconds .

